<?xml version="1.0" encoding="UTF-8"?>
<testsuite name="WordPuzzleTest" tests="4" skipped="0" failures="0" errors="0" timestamp="2016-04-22T17:59:17" hostname="epicodus-68.local" time="0.003">
  <properties/>
  <testcase name="SingleConsonantInReturnsItBack" classname="WordPuzzleTest" time="0.0"/>
  <testcase name="SingleVoWelReturnsDash" classname="WordPuzzleTest" time="0.001"/>
  <testcase name="FullStringReplacement" classname="WordPuzzleTest" time="0.001"/>
  <testcase name="OneConsonantAndOneVowelReturnConsonantDash" classname="WordPuzzleTest" time="0.0"/>
  <system-out><![CDATA[]]></system-out>
  <system-err><![CDATA[]]></system-err>
</testsuite>
